<?xml version="1.0" encoding="UTF-8"?>
<coverage generated="1753291008352" clover="3.2.0">
  <project timestamp="1753291008353" name="All files">
    <metrics statements="3" coveredstatements="3" conditionals="0" coveredconditionals="0" methods="4" coveredmethods="4" elements="7" coveredelements="7" complexity="0" loc="3" ncloc="3" packages="2" files="4" classes="4"/>
    <package name="data-access">
      <metrics statements="1" coveredstatements="1" conditionals="0" coveredconditionals="0" methods="0" coveredmethods="0"/>
      <file name="test.connection.ts" path="\\step-host1\developer\nodeApi\src\data-access\test.connection.ts">
        <metrics statements="1" coveredstatements="1" conditionals="0" coveredconditionals="0" methods="0" coveredmethods="0"/>
        <line num="6" count="1" type="stmt"/>
      </file>
    </package>
    <package name="entities">
      <metrics statements="2" coveredstatements="2" conditionals="0" coveredconditionals="0" methods="4" coveredmethods="4"/>
      <file name="category.entity.ts" path="\\step-host1\developer\nodeApi\src\entities\category.entity.ts">
        <metrics statements="1" coveredstatements="1" conditionals="0" coveredconditionals="0" methods="2" coveredmethods="2"/>
        <line num="13" count="1" type="stmt"/>
      </file>
      <file name="product.entity.ts" path="\\step-host1\developer\nodeApi\src\entities\product.entity.ts">
        <metrics statements="1" coveredstatements="1" conditionals="0" coveredconditionals="0" methods="2" coveredmethods="2"/>
        <line num="15" count="1" type="stmt"/>
      </file>
      <file name="user.entity.ts" path="\\step-host1\developer\nodeApi\src\entities\user.entity.ts">
        <metrics statements="0" coveredstatements="0" conditionals="0" coveredconditionals="0" methods="0" coveredmethods="0"/>
      </file>
    </package>
  </project>
</coverage>
