{"\\\\step-host1\\developer\\nodeApi\\src\\data-access\\test.connection.ts": {"path":"\\\\step-host1\\developer\\nodeApi\\src\\data-access\\test.connection.ts","statementMap":{"0":{"start":{"line":6,"column":29},"end":{"line":18,"column":2}}},"fnMap":{},"branchMap":{},"s":{"0":1},"f":{},"b":{},"_coverageSchema":"1a1c01bbd47fc00a2c39e90264f33305004495a9","hash":"fa933a6ffc6a62010fc0bc18e2386715260225aa"}
,"\\\\step-host1\\developer\\nodeApi\\src\\entities\\category.entity.ts": {"path":"\\\\step-host1\\developer\\nodeApi\\src\\entities\\category.entity.ts","statementMap":{"0":{"start":{"line":13,"column":21},"end":{"line":13,"column":29}},"1":{"start":{"line":13,"column":44},"end":{"line":13,"column":60}}},"fnMap":{"0":{"name":"(anonymous_0)","decl":{"start":{"line":13,"column":15},"end":{"line":13,"column":16}},"loc":{"start":{"line":13,"column":21},"end":{"line":13,"column":29}},"line":13},"1":{"name":"(anonymous_1)","decl":{"start":{"line":13,"column":31},"end":{"line":13,"column":32}},"loc":{"start":{"line":13,"column":44},"end":{"line":13,"column":60}},"line":13}},"branchMap":{},"s":{"0":1,"1":1},"f":{"0":1,"1":1},"b":{},"_coverageSchema":"1a1c01bbd47fc00a2c39e90264f33305004495a9","hash":"e0811d19fc796cc3135550e507e9cdacc75a9a59"}
,"\\\\step-host1\\developer\\nodeApi\\src\\entities\\product.entity.ts": {"path":"\\\\step-host1\\developer\\nodeApi\\src\\entities\\product.entity.ts","statementMap":{"0":{"start":{"line":15,"column":21},"end":{"line":15,"column":31}},"1":{"start":{"line":15,"column":47},"end":{"line":15,"column":64}}},"fnMap":{"0":{"name":"(anonymous_0)","decl":{"start":{"line":15,"column":15},"end":{"line":15,"column":16}},"loc":{"start":{"line":15,"column":21},"end":{"line":15,"column":31}},"line":15},"1":{"name":"(anonymous_1)","decl":{"start":{"line":15,"column":33},"end":{"line":15,"column":34}},"loc":{"start":{"line":15,"column":47},"end":{"line":15,"column":64}},"line":15}},"branchMap":{},"s":{"0":1,"1":1},"f":{"0":1,"1":1},"b":{},"_coverageSchema":"1a1c01bbd47fc00a2c39e90264f33305004495a9","hash":"78ef0bce6a7ec447b21db59be6a482b37f8aaf30"}
,"\\\\step-host1\\developer\\nodeApi\\src\\entities\\user.entity.ts": {"path":"\\\\step-host1\\developer\\nodeApi\\src\\entities\\user.entity.ts","statementMap":{},"fnMap":{},"branchMap":{},"s":{},"f":{},"b":{},"_coverageSchema":"1a1c01bbd47fc00a2c39e90264f33305004495a9","hash":"987a4946e1bc55dbe85ee6756379cb80aaae6511"}
}
