TN:
SF:\\step-host1\developer\nodeApi\src\data-access\test.connection.ts
FNF:0
FNH:0
DA:6,1
LF:1
LH:1
BRF:0
BRH:0
end_of_record
TN:
SF:\\step-host1\developer\nodeApi\src\entities\category.entity.ts
FN:13,(anonymous_0)
FN:13,(anonymous_1)
FNF:2
FNH:2
FNDA:1,(anonymous_0)
FNDA:1,(anonymous_1)
DA:13,1
LF:1
LH:1
BRF:0
BRH:0
end_of_record
TN:
SF:\\step-host1\developer\nodeApi\src\entities\product.entity.ts
FN:15,(anonymous_0)
FN:15,(anonymous_1)
FNF:2
FNH:2
FNDA:1,(anonymous_0)
FNDA:1,(anonymous_1)
DA:15,1
LF:1
LH:1
BRF:0
BRH:0
end_of_record
TN:
SF:\\step-host1\developer\nodeApi\src\entities\user.entity.ts
FNF:0
FNH:0
LF:0
LH:0
BRF:0
BRH:0
end_of_record
